This is pdfTeX, Version 3.14159265-2.6-1.40.21 (MiKTeX 21.1) (preloaded format=pdflatex 2021.2.16)  11 FEB 2022 13:19
entering extended mode
**./asme2ejs.tex
(asme2ejs.tex
LaTeX2e <2020-10-01> patch level 4
L3 programming layer <2021-02-06> xparse <2020-03-03> (asme2ej.cls
Document Class: asme2ej 2001/2/14 v2.0 Standard LaTeX document class
(C:\Users\RWLBRA001\AppData\Local\Programs\MiKTeX\tex/latex/base\ifthen.sty
Package: ifthen 2014/09/29 v1.1c Standard LaTeX ifthen package (DPC)
)
(C:\Users\RWLBRA001\AppData\Local\Programs\MiKTeX\tex/latex/psnfss\times.sty
Package: times 2020/03/25 PSNFSS-v9.3 (SPQR) 
)
(C:\Users\RWLBRA001\AppData\Local\Programs\MiKTeX\tex/generic/iftex\ifpdf.sty
Package: ifpdf 2019/10/25 v3.4 ifpdf legacy package. Use iftex instead.

(C:\Users\RWLBRA001\AppData\Local\Programs\MiKTeX\tex/generic/iftex\iftex.sty
Package: iftex 2020/03/06 v1.0d TeX engine tests
))
Eleven Point
LaTeX Font Info:    Trying to load font information for OT1+phv on input line 3
01.
(C:\Users\RWLBRA001\AppData\Local\Programs\MiKTeX\tex/latex/psnfss\ot1phv.fd
File: ot1phv.fd 2020/03/25 scalable font definitions for OT1/phv.
)
\c@part=\count177
\c@section=\count178
\c@subsection=\count179
\c@subsubsection=\count180
\c@paragraph=\count181
\c@subparagraph=\count182
\tempbox=\box47
\c@figure=\count183
\c@table=\count184
\@authcnt=\count185
\@tmpcnt=\count186
\bibindent=\dimen138
\minute=\count187
\hour=\count188
)
(C:\Users\RWLBRA001\AppData\Local\Programs\MiKTeX\tex/latex/graphics\graphicx.s
ty
Package: graphicx 2020/09/09 v1.2b Enhanced LaTeX Graphics (DPC,SPQR)

(C:\Users\RWLBRA001\AppData\Local\Programs\MiKTeX\tex/latex/graphics\keyval.sty
Package: keyval 2014/10/28 v1.15 key=value parser (DPC)
\KV@toks@=\toks15
)
(C:\Users\RWLBRA001\AppData\Local\Programs\MiKTeX\tex/latex/graphics\graphics.s
ty
Package: graphics 2020/08/30 v1.4c Standard LaTeX Graphics (DPC,SPQR)

(C:\Users\RWLBRA001\AppData\Local\Programs\MiKTeX\tex/latex/graphics\trig.sty
Package: trig 2016/01/03 v1.10 sin cos tan (DPC)
)
(C:\Users\RWLBRA001\AppData\Local\Programs\MiKTeX\tex/latex/graphics-cfg\graphi
cs.cfg
File: graphics.cfg 2016/06/04 v1.11 sample graphics configuration
)
Package graphics Info: Driver file: pdftex.def on input line 105.

(C:\Users\RWLBRA001\AppData\Local\Programs\MiKTeX\tex/latex/graphics-def\pdftex
.def
File: pdftex.def 2020/10/05 v1.2a Graphics/color driver for pdftex
))
\Gin@req@height=\dimen139
\Gin@req@width=\dimen140
)
(C:\Users\RWLBRA001\AppData\Local\Programs\MiKTeX\tex/latex/graphics\epsfig.sty
Package: epsfig 2017/06/25 v1.7b (e)psfig emulation (SPQR)
\epsfxsize=\dimen141
\epsfysize=\dimen142
)
(C:\Users\RWLBRA001\AppData\Local\Programs\MiKTeX\tex/latex/fancyhdr\fancyhdr.s
ty
Package: fancyhdr 2021/01/28 v4.0.1 Extensive control of page headers and foote
rs
\f@nch@headwidth=\skip47
\f@nch@O@elh=\skip48
\f@nch@O@erh=\skip49
\f@nch@O@olh=\skip50
\f@nch@O@orh=\skip51
\f@nch@O@elf=\skip52
\f@nch@O@erf=\skip53
\f@nch@O@olf=\skip54
\f@nch@O@orf=\skip55
)
(C:\Users\RWLBRA001\AppData\Local\Programs\MiKTeX\tex/latex/setspace\setspace.s
ty
Package: setspace 2011/12/19 v6.7a set line spacing
)
(C:\Users\RWLBRA001\AppData\Local\Programs\MiKTeX\tex/latex/psnfss\helvet.sty
Package: helvet 2020/03/25 PSNFSS-v9.3 (WaS) 
)
(C:\Users\RWLBRA001\AppData\Local\Programs\MiKTeX\tex/latex/url\url.sty
\Urlmuskip=\muskip16
Package: url 2013/09/16  ver 3.4  Verb mode for urls, etc.
)
(C:\Users\RWLBRA001\AppData\Local\Programs\MiKTeX\tex/latex/hyperref\hyperref.s
ty
Package: hyperref 2021-02-10 v7.00j Hypertext links for LaTeX

(C:\Users\RWLBRA001\AppData\Local\Programs\MiKTeX\tex/generic/ltxcmds\ltxcmds.s
ty
Package: ltxcmds 2020-05-10 v1.25 LaTeX kernel commands for general use (HO)
)
(C:\Users\RWLBRA001\AppData\Local\Programs\MiKTeX\tex/generic/pdftexcmds\pdftex
cmds.sty
Package: pdftexcmds 2020-06-27 v0.33 Utility functions of pdfTeX for LuaTeX (HO
)

(C:\Users\RWLBRA001\AppData\Local\Programs\MiKTeX\tex/generic/infwarerr\infware
rr.sty
Package: infwarerr 2019/12/03 v1.5 Providing info/warning/error messages (HO)
)
Package pdftexcmds Info: \pdf@primitive is available.
Package pdftexcmds Info: \pdf@ifprimitive is available.
Package pdftexcmds Info: \pdfdraftmode found.
)
(C:\Users\RWLBRA001\AppData\Local\Programs\MiKTeX\tex/generic/kvsetkeys\kvsetke
ys.sty
Package: kvsetkeys 2019/12/15 v1.18 Key value parser (HO)
)
(C:\Users\RWLBRA001\AppData\Local\Programs\MiKTeX\tex/generic/kvdefinekeys\kvde
finekeys.sty
Package: kvdefinekeys 2019-12-19 v1.6 Define keys (HO)
)
(C:\Users\RWLBRA001\AppData\Local\Programs\MiKTeX\tex/generic/pdfescape\pdfesca
pe.sty
Package: pdfescape 2019/12/09 v1.15 Implements pdfTeX's escape features (HO)
)
(C:\Users\RWLBRA001\AppData\Local\Programs\MiKTeX\tex/latex/hycolor\hycolor.sty
Package: hycolor 2020-01-27 v1.10 Color options for hyperref/bookmark (HO)
)
(C:\Users\RWLBRA001\AppData\Local\Programs\MiKTeX\tex/latex/letltxmacro\letltxm
acro.sty
Package: letltxmacro 2019/12/03 v1.6 Let assignment for LaTeX macros (HO)
)
(C:\Users\RWLBRA001\AppData\Local\Programs\MiKTeX\tex/latex/auxhook\auxhook.sty
Package: auxhook 2019-12-17 v1.6 Hooks for auxiliary files (HO)
)
(C:\Users\RWLBRA001\AppData\Local\Programs\MiKTeX\tex/latex/kvoptions\kvoptions
.sty
Package: kvoptions 2020-10-07 v3.14 Key value format for package options (HO)
)
\@linkdim=\dimen143
\Hy@linkcounter=\count189
\Hy@pagecounter=\count190

(C:\Users\RWLBRA001\AppData\Local\Programs\MiKTeX\tex/latex/hyperref\pd1enc.def
File: pd1enc.def 2021-02-10 v7.00j Hyperref: PDFDocEncoding definition (HO)
Now handling font encoding PD1 ...
... no UTF-8 mapping file for font encoding PD1
)
(C:\Users\RWLBRA001\AppData\Local\Programs\MiKTeX\tex/latex/hyperref\hyperref-l
angpatches.def
File: hyperref-langpatches.def 2021-02-10 v7.00j Hyperref: patches for babel la
nguages
)
(C:\Users\RWLBRA001\AppData\Local\Programs\MiKTeX\tex/generic/intcalc\intcalc.s
ty
Package: intcalc 2019/12/15 v1.3 Expandable calculations with integers (HO)
)
(C:\Users\RWLBRA001\AppData\Local\Programs\MiKTeX\tex/generic/etexcmds\etexcmds
.sty
Package: etexcmds 2019/12/15 v1.7 Avoid name clashes with e-TeX commands (HO)
)
\Hy@SavedSpaceFactor=\count191

(C:\Users\RWLBRA001\AppData\Local\Programs\MiKTeX\tex/latex/hyperref\puenc.def
File: puenc.def 2021-02-10 v7.00j Hyperref: PDF Unicode definition (HO)
Now handling font encoding PU ...
... no UTF-8 mapping file for font encoding PU
)
Package hyperref Info: Hyper figures OFF on input line 4192.
Package hyperref Info: Link nesting OFF on input line 4197.
Package hyperref Info: Hyper index ON on input line 4200.
Package hyperref Info: Plain pages OFF on input line 4207.
Package hyperref Info: Backreferencing OFF on input line 4212.
Package hyperref Info: Implicit mode ON; LaTeX internals redefined.
Package hyperref Info: Bookmarks ON on input line 4445.
\c@Hy@tempcnt=\count192
LaTeX Info: Redefining \url on input line 4804.
\XeTeXLinkMargin=\dimen144

(C:\Users\RWLBRA001\AppData\Local\Programs\MiKTeX\tex/generic/bitset\bitset.sty
Package: bitset 2019/12/09 v1.3 Handle bit-vector datatype (HO)

(C:\Users\RWLBRA001\AppData\Local\Programs\MiKTeX\tex/generic/bigintcalc\bigint
calc.sty
Package: bigintcalc 2019/12/15 v1.5 Expandable calculations on big integers (HO
)
))
\Fld@menulength=\count193
\Field@Width=\dimen145
\Fld@charsize=\dimen146
Package hyperref Info: Hyper figures OFF on input line 6075.
Package hyperref Info: Link nesting OFF on input line 6080.
Package hyperref Info: Hyper index ON on input line 6083.
Package hyperref Info: backreferencing OFF on input line 6090.
Package hyperref Info: Link coloring OFF on input line 6095.
Package hyperref Info: Link coloring with OCG OFF on input line 6100.
Package hyperref Info: PDF/A mode OFF on input line 6105.
LaTeX Info: Redefining \ref on input line 6145.
LaTeX Info: Redefining \pageref on input line 6149.

(C:\Users\RWLBRA001\AppData\Local\Programs\MiKTeX\tex/latex/base\atbegshi-ltx.s
ty
Package: atbegshi-ltx 2020/08/17 v1.0a Emulation of the original atbegshi packa
ge
with kernel methods
)
\Hy@abspage=\count194
\c@Item=\count195
\c@Hfootnote=\count196
)
Package hyperref Info: Driver (autodetected): hpdftex.

(C:\Users\RWLBRA001\AppData\Local\Programs\MiKTeX\tex/latex/hyperref\hpdftex.de
f
File: hpdftex.def 2021-02-10 v7.00j Hyperref driver for pdfTeX

(C:\Users\RWLBRA001\AppData\Local\Programs\MiKTeX\tex/latex/base\atveryend-ltx.
sty
Package: atveryend-ltx 2020/08/19 v1.0a Emulation of the original atvery packag
e
with kernel methods
)
\Fld@listcount=\count197
\c@bookmark@seq@number=\count198

(C:\Users\RWLBRA001\AppData\Local\Programs\MiKTeX\tex/latex/rerunfilecheck\reru
nfilecheck.sty
Package: rerunfilecheck 2019/12/05 v1.9 Rerun checks for auxiliary files (HO)

(C:\Users\RWLBRA001\AppData\Local\Programs\MiKTeX\tex/generic/uniquecounter\uni
quecounter.sty
Package: uniquecounter 2019/12/15 v1.4 Provide unlimited unique counter (HO)
)
Package uniquecounter Info: New unique counter `rerunfilecheck' on input line 2
86.
)
\Hy@SectionHShift=\skip56
)
Package hyperref Info: Option `colorlinks' set `true' on input line 47.

(C:\Users\RWLBRA001\AppData\Local\Programs\MiKTeX\tex/latex/natbib\natbib.sty
Package: natbib 2010/09/13 8.31b (PWD, AO)
\bibhang=\skip57
\bibsep=\skip58
LaTeX Info: Redefining \cite on input line 694.
LaTeX Info: Redefining \citenum on input line 708.
\c@NAT@ctr=\count199
)
(C:\Users\RWLBRA001\AppData\Local\Programs\MiKTeX\tex/latex/l3backend\l3backend
-pdftex.def
File: l3backend-pdftex.def 2021-02-06 L3 backend support: PDF output (pdfTeX)
\l__color_backend_stack_int=\count266
\l__pdf_internal_box=\box48
) (asme2ejs.aux)
\openout1 = `asme2ejs.aux'.

LaTeX Font Info:    Checking defaults for OML/cmm/m/it on input line 106.
LaTeX Font Info:    ... okay on input line 106.
LaTeX Font Info:    Checking defaults for OMS/cmsy/m/n on input line 106.
LaTeX Font Info:    ... okay on input line 106.
LaTeX Font Info:    Checking defaults for OT1/cmr/m/n on input line 106.
LaTeX Font Info:    ... okay on input line 106.
LaTeX Font Info:    Checking defaults for T1/cmr/m/n on input line 106.
LaTeX Font Info:    ... okay on input line 106.
LaTeX Font Info:    Checking defaults for TS1/cmr/m/n on input line 106.
LaTeX Font Info:    ... okay on input line 106.
LaTeX Font Info:    Checking defaults for OMX/cmex/m/n on input line 106.
LaTeX Font Info:    ... okay on input line 106.
LaTeX Font Info:    Checking defaults for U/cmr/m/n on input line 106.
LaTeX Font Info:    ... okay on input line 106.
LaTeX Font Info:    Checking defaults for PD1/pdf/m/n on input line 106.
LaTeX Font Info:    ... okay on input line 106.
LaTeX Font Info:    Checking defaults for PU/pdf/m/n on input line 106.
LaTeX Font Info:    ... okay on input line 106.

(C:\Users\RWLBRA001\AppData\Local\Programs\MiKTeX\tex/context/base/mkii\supp-pd
f.mkii
[Loading MPS to PDF converter (version 2006.09.02).]
\scratchcounter=\count267
\scratchdimen=\dimen147
\scratchbox=\box49
\nofMPsegments=\count268
\nofMParguments=\count269
\everyMPshowfont=\toks16
\MPscratchCnt=\count270
\MPscratchDim=\dimen148
\MPnumerator=\count271
\makeMPintoPDFobject=\count272
\everyMPtoPDFconversion=\toks17
)
(C:\Users\RWLBRA001\AppData\Local\Programs\MiKTeX\tex/latex/epstopdf-pkg\epstop
df-base.sty
Package: epstopdf-base 2020-01-24 v2.11 Base part for package epstopdf

(C:\Users\RWLBRA001\AppData\Local\Programs\MiKTeX\tex/latex/grfext\grfext.sty
Package: grfext 2019/12/03 v1.3 Manage graphics extensions (HO)
)
Package epstopdf-base Info: Redefining graphics rule for `.eps' on input line 4
85.
Package grfext Info: Graphics extension search list:
(grfext)             [.pdf,.png,.jpg,.mps,.jpeg,.jbig2,.jb2,.PDF,.PNG,.JPG,.JPE
G,.JBIG2,.JB2,.eps]
(grfext)             \AppendGraphicsExtensions on input line 504.
) (C:\Users\RWLBRA001\AppData\Local\Programs\MiKTeX\tex/latex/graphics\color.st
y
Package: color 2020/02/24 v1.2b Standard LaTeX Color (DPC)

(C:\Users\RWLBRA001\AppData\Local\Programs\MiKTeX\tex/latex/graphics-cfg\color.
cfg
File: color.cfg 2016/01/02 v1.6 sample color configuration
)
Package color Info: Driver file: pdftex.def on input line 147.
)
Package hyperref Info: Link coloring ON on input line 106.

(C:\Users\RWLBRA001\AppData\Local\Programs\MiKTeX\tex/latex/hyperref\nameref.st
y
Package: nameref 2021-04-02 v2.47 Cross-referencing by name of section

(C:\Users\RWLBRA001\AppData\Local\Programs\MiKTeX\tex/latex/refcount\refcount.s
ty
Package: refcount 2019/12/15 v3.6 Data extraction from label references (HO)
)
(C:\Users\RWLBRA001\AppData\Local\Programs\MiKTeX\tex/generic/gettitlestring\ge
ttitlestring.sty
Package: gettitlestring 2019/12/15 v1.6 Cleanup title references (HO)
)
\c@section@level=\count273
)
LaTeX Info: Redefining \ref on input line 106.
LaTeX Info: Redefining \pageref on input line 106.
LaTeX Info: Redefining \nameref on input line 106.
 (asme2ejs.out) (asme2ejs.out)
\@outlinefile=\write3
\openout3 = `asme2ejs.out'.

LaTeX Font Info:    External font `cmex10' loaded for size
(Font)              <10.95> on input line 109.
LaTeX Font Info:    External font `cmex10' loaded for size
(Font)              <8> on input line 109.
LaTeX Font Info:    External font `cmex10' loaded for size
(Font)              <6> on input line 109.

Underfull \hbox (badness 10000) detected at line 109
[]
 []

LaTeX Font Info:    External font `cmex10' loaded for size
(Font)              <14.4> on input line 109.
LaTeX Font Info:    External font `cmex10' loaded for size
(Font)              <7> on input line 109.
LaTeX Font Info:    External font `cmex10' loaded for size
(Font)              <9> on input line 109.
LaTeX Font Info:    External font `cmex10' loaded for size
(Font)              <5> on input line 109.
LaTeX Font Info:    Font shape `OT1/phv/m/it' in size <10.95> not available
(Font)              Font shape `OT1/phv/m/sl' tried instead on input line 112.
LaTeX Font Info:    Font shape `OT1/phv/m/it' in size <8> not available
(Font)              Font shape `OT1/phv/m/sl' tried instead on input line 115.
LaTeX Font Info:    Trying to load font information for OT1+ptm on input line 1
18.
(C:\Users\RWLBRA001\AppData\Local\Programs\MiKTeX\tex/latex/psnfss\ot1ptm.fd
File: ot1ptm.fd 2001/06/04 font definitions for OT1/ptm.
)
Overfull \vbox (0.87958pt too high) has occurred while \output is active []


[1

{C:/Users/RWLBRA001/AppData/Local/MiKTeX/pdftex/config/pdftex.map}]
Underfull \hbox (badness 10000) detected at line 130
\OT1/phv/m/n/10.95 A
 []


Underfull \hbox (badness 10000) detected at line 131
$\OML/cmm/m/it/10.95 $
 []

LaTeX Font Info:    Trying to load font information for OT1+pcr on input line 1
39.
(C:\Users\RWLBRA001\AppData\Local\Programs\MiKTeX\tex/latex/psnfss\ot1pcr.fd
File: ot1pcr.fd 2001/06/04 font definitions for OT1/pcr.
)

Package natbib Warning: Citation `asmemanual' on page 2 undefined on input line
 139.


Package natbib Warning: Citation `latex' on page 2 undefined on input line 139.



Overfull \hbox (9.50029pt too wide) in paragraph at lines 139--140
[]\OT1/phv/m/n/10.95 This ar-ti-cle il-lus-trates prepa-ra-tion of ASME pa-per 
us-ing L[]T[]X2[]. The L[]T[]X macro [][]\OT1/pcr/m/n/10.95 asme2ej.cls[]\OT1/p
hv/m/n/10.95 ,
 []

[2]

Package hyperref Warning: Suppressing empty link on input line 145.


Underfull \vbox (badness 7777) has occurred while \output is active []

 [3]
Overfull \vbox (5.5202pt too high) has occurred while \output is active []


[4]
<figure/FMANU_MD_05_1107_11.jpg, id=45, 240.9pt x 364.36125pt>
File: figure/FMANU_MD_05_1107_11.jpg Graphic file (type jpg)
<use figure/FMANU_MD_05_1107_11.jpg>
Package pdftex.def Info: figure/FMANU_MD_05_1107_11.jpg  used on input line 224
.
(pdftex.def)             Requested size: 241.38153pt x 365.09978pt.
<figure/FMANU_MD_05_1272_5.jpg, id=47, 227.8914pt x 191.7564pt>
File: figure/FMANU_MD_05_1272_5.jpg Graphic file (type jpg)
<use figure/FMANU_MD_05_1272_5.jpg>
Package pdftex.def Info: figure/FMANU_MD_05_1272_5.jpg  used on input line 246.

(pdftex.def)             Requested size: 241.38153pt x 203.10571pt.

Underfull \vbox (badness 1460) has occurred while \output is active []

 [5]
LaTeX Font Info:    Trying to load font information for TS1+phv on input line 2
55.

(C:\Users\RWLBRA001\AppData\Local\Programs\MiKTeX\tex/latex/psnfss\ts1phv.fd
File: ts1phv.fd 2020/03/25 scalable font definitions for TS1/phv.
)
[6 <./figure/FMANU_MD_05_1107_11.jpg>]
<figure/FMANU_MD_04_1274_13.jpg, id=61, 225.4824pt x 168.63pt>
File: figure/FMANU_MD_04_1274_13.jpg Graphic file (type jpg)
<use figure/FMANU_MD_04_1274_13.jpg>
Package pdftex.def Info: figure/FMANU_MD_04_1274_13.jpg  used on input line 263
.
(pdftex.def)             Requested size: 234.87749pt x 175.66438pt.
File: figure/FMANU_MD_04_1274_13.jpg Graphic file (type jpg)
<use figure/FMANU_MD_04_1274_13.jpg>
Package pdftex.def Info: figure/FMANU_MD_04_1274_13.jpg  used on input line 272
.
(pdftex.def)             Requested size: 495.04993pt x 370.24864pt.
 [7 <./figure/FMANU_MD_05_1272_5.jpg> <./figure/FMANU_MD_04_1274_13.jpg>]
Underfull \vbox (badness 10000) has occurred while \output is active []

 [8]

Package natbib Warning: Citation `asmemanual' on page 9 undefined on input line
 323.


Package natbib Warning: Citation `latex' on page 9 undefined on input line 327.



Package natbib Warning: Citation `goosens' on page 9 undefined on input line 32
7.


Package natbib Warning: Citation `latex' on page 9 undefined on input line 327.



Package natbib Warning: Citation `asmemanual' on page 9 undefined on input line
 327.


Package natbib Warning: Citation `goosens' on page 9 undefined on input line 32
7.


Package natbib Warning: Citation `art' on page 9 undefined on input line 327.


Package natbib Warning: Citation `blt' on page 9 undefined on input line 327.


Package natbib Warning: Citation `ibk' on page 9 undefined on input line 327.


Package natbib Warning: Citation `icn' on page 9 undefined on input line 327.


Package natbib Warning: Citation `ips' on page 9 undefined on input line 327.


Package natbib Warning: Citation `mts' on page 9 undefined on input line 327.


Package natbib Warning: Citation `mis' on page 9 undefined on input line 327.


Package natbib Warning: Citation `pro' on page 9 undefined on input line 327.


Package natbib Warning: Citation `pts' on page 9 undefined on input line 327.


Package natbib Warning: Citation `trt' on page 9 undefined on input line 327.


Package natbib Warning: Citation `upd' on page 9 undefined on input line 327.

[9] [10]
No file asme2ejs.bbl.
[11] [12] (asme2ejs.lof)
\tf@lof=\write4
\openout4 = `asme2ejs.lof'.

 [13] (asme2ejs.lot)
\tf@lot=\write5
\openout5 = `asme2ejs.lot'.



Package natbib Warning: There were undefined citations.

[14] (asme2ejs.aux)
Package rerunfilecheck Info: File `asme2ejs.out' has not changed.
(rerunfilecheck)             Checksum: D41D8CD98F00B204E9800998ECF8427E;0.
 ) 
Here is how much of TeX's memory you used:
 8797 strings out of 479616
 131896 string characters out of 2863101
 418361 words of memory out of 3000000
 25793 multiletter control sequences out of 15000+200000
 434097 words of font info for 76 fonts, out of 3000000 for 9000
 1141 hyphenation exceptions out of 8191
 71i,12n,74p,1048b,393s stack positions out of 5000i,500n,10000p,200000b,50000s
{C:/Users/RWLBRA001/AppData/Local/Programs/MiKTeX/fonts/enc/dvips/base/8r.enc
}<C:/Users/RWLBRA001/AppData/Local/Programs/MiKTeX/fonts/type1/public/amsfonts/
cm/cmex10.pfb><C:/Users/RWLBRA001/AppData/Local/Programs/MiKTeX/fonts/type1/pub
lic/amsfonts/cm/cmmi10.pfb><C:/Users/RWLBRA001/AppData/Local/Programs/MiKTeX/fo
nts/type1/public/amsfonts/cm/cmmi12.pfb><C:/Users/RWLBRA001/AppData/Local/Progr
ams/MiKTeX/fonts/type1/public/amsfonts/cm/cmmi8.pfb><C:/Users/RWLBRA001/AppData
/Local/Programs/MiKTeX/fonts/type1/public/amsfonts/cm/cmr10.pfb><C:/Users/RWLBR
A001/AppData/Local/Programs/MiKTeX/fonts/type1/public/amsfonts/cm/cmr6.pfb><C:/
Users/RWLBRA001/AppData/Local/Programs/MiKTeX/fonts/type1/public/amsfonts/cm/cm
r8.pfb><C:/Users/RWLBRA001/AppData/Local/Programs/MiKTeX/fonts/type1/public/ams
fonts/cm/cmsy6.pfb><C:/Users/RWLBRA001/AppData/Local/Programs/MiKTeX/fonts/type
1/public/amsfonts/cm/cmsy8.pfb><C:/Users/RWLBRA001/AppData/Local/Programs/MiKTe
X/fonts/type1/urw/courier/ucrr8a.pfb><C:/Users/RWLBRA001/AppData/Local/Programs
/MiKTeX/fonts/type1/urw/helvetic/uhvb8a.pfb><C:/Users/RWLBRA001/AppData/Local/P
rograms/MiKTeX/fonts/type1/urw/helvetic/uhvr8a.pfb><C:/Users/RWLBRA001/AppData/
Local/Programs/MiKTeX/fonts/type1/urw/helvetic/uhvro8a.pfb><C:/Users/RWLBRA001/
AppData/Local/Programs/MiKTeX/fonts/type1/urw/times/utmr8a.pfb>
Output written on asme2ejs.pdf (14 pages, 453605 bytes).
PDF statistics:
 176 PDF objects out of 1000 (max. 8388607)
 33 named destinations out of 1000 (max. 500000)
 16 words of extra memory for PDF output out of 10000 (max. 10000000)

